<?xml version="1.0" encoding="UTF-8"?>
<coverage generated="1690565957694" clover="3.2.0">
  <project timestamp="1690565957694" name="All files">
    <metrics statements="82" coveredstatements="52" conditionals="15" coveredconditionals="14" methods="18" coveredmethods="13" elements="115" coveredelements="79" complexity="0" loc="82" ncloc="82" packages="1" files="4" classes="4"/>
    <file name="forNumber.ts" path="C:\Users\ThiagoMalveira\Documents\Projetos\konekte\src\resources\utils\forNumber.ts">
      <metrics statements="31" coveredstatements="15" conditionals="1" coveredconditionals="1" methods="3" coveredmethods="1"/>
      <line num="1" count="1" type="stmt"/>
      <line num="2" count="1" type="stmt"/>
      <line num="3" count="1" type="cond" truecount="1" falsecount="0"/>
      <line num="4" count="6" type="stmt"/>
      <line num="5" count="6" type="stmt"/>
      <line num="6" count="6" type="stmt"/>
      <line num="7" count="6" type="stmt"/>
      <line num="8" count="6" type="stmt"/>
      <line num="9" count="6" type="stmt"/>
      <line num="10" count="6" type="stmt"/>
      <line num="11" count="6" type="stmt"/>
      <line num="12" count="1" type="stmt"/>
      <line num="13" count="1" type="stmt"/>
      <line num="14" count="0" type="stmt"/>
      <line num="15" count="0" type="stmt"/>
      <line num="16" count="0" type="stmt"/>
      <line num="17" count="0" type="stmt"/>
      <line num="18" count="0" type="stmt"/>
      <line num="19" count="0" type="stmt"/>
      <line num="20" count="0" type="stmt"/>
      <line num="21" count="0" type="stmt"/>
      <line num="22" count="0" type="stmt"/>
      <line num="23" count="0" type="stmt"/>
      <line num="24" count="1" type="stmt"/>
      <line num="25" count="1" type="stmt"/>
      <line num="26" count="0" type="stmt"/>
      <line num="27" count="0" type="stmt"/>
      <line num="28" count="0" type="stmt"/>
      <line num="29" count="0" type="stmt"/>
      <line num="30" count="0" type="stmt"/>
      <line num="31" count="0" type="stmt"/>
    </file>
    <file name="forString.ts" path="C:\Users\ThiagoMalveira\Documents\Projetos\konekte\src\resources\utils\forString.ts">
      <metrics statements="27" coveredstatements="13" conditionals="2" coveredconditionals="2" methods="4" coveredmethods="1"/>
      <line num="1" count="1" type="cond" truecount="1" falsecount="0"/>
      <line num="2" count="2" type="cond" truecount="1" falsecount="0"/>
      <line num="3" count="1" type="stmt"/>
      <line num="4" count="1" type="stmt"/>
      <line num="5" count="1" type="stmt"/>
      <line num="6" count="1" type="stmt"/>
      <line num="7" count="1" type="stmt"/>
      <line num="8" count="1" type="stmt"/>
      <line num="9" count="1" type="stmt"/>
      <line num="10" count="0" type="stmt"/>
      <line num="11" count="0" type="stmt"/>
      <line num="12" count="0" type="stmt"/>
      <line num="13" count="0" type="stmt"/>
      <line num="14" count="0" type="stmt"/>
      <line num="15" count="0" type="stmt"/>
      <line num="16" count="0" type="stmt"/>
      <line num="17" count="0" type="stmt"/>
      <line num="18" count="1" type="stmt"/>
      <line num="19" count="1" type="stmt"/>
      <line num="20" count="0" type="stmt"/>
      <line num="21" count="0" type="stmt"/>
      <line num="22" count="1" type="stmt"/>
      <line num="23" count="1" type="stmt"/>
      <line num="24" count="0" type="stmt"/>
      <line num="25" count="0" type="stmt"/>
      <line num="26" count="0" type="stmt"/>
      <line num="27" count="0" type="stmt"/>
    </file>
    <file name="generateKey.ts" path="C:\Users\ThiagoMalveira\Documents\Projetos\konekte\src\resources\utils\generateKey.ts">
      <metrics statements="5" coveredstatements="5" conditionals="1" coveredconditionals="1" methods="1" coveredmethods="1"/>
      <line num="1" count="1" type="cond" truecount="1" falsecount="0"/>
      <line num="2" count="1" type="stmt"/>
      <line num="3" count="1" type="stmt"/>
      <line num="4" count="1" type="stmt"/>
      <line num="5" count="1" type="stmt"/>
    </file>
    <file name="is.ts" path="C:\Users\ThiagoMalveira\Documents\Projetos\konekte\src\resources\utils\is.ts">
      <metrics statements="19" coveredstatements="19" conditionals="11" coveredconditionals="10" methods="10" coveredmethods="10"/>
      <line num="1" count="1" type="stmt"/>
      <line num="2" count="1" type="stmt"/>
      <line num="3" count="1" type="cond" truecount="1" falsecount="0"/>
      <line num="4" count="92" type="stmt"/>
      <line num="5" count="92" type="stmt"/>
      <line num="6" count="92" type="cond" truecount="0" falsecount="1"/>
      <line num="7" count="92" type="stmt"/>
      <line num="8" count="1" type="stmt"/>
      <line num="9" count="1" type="stmt"/>
      <line num="10" count="1" type="stmt"/>
      <line num="11" count="1" type="cond" truecount="1" falsecount="0"/>
      <line num="12" count="1" type="cond" truecount="1" falsecount="0"/>
      <line num="13" count="1" type="cond" truecount="1" falsecount="0"/>
      <line num="14" count="1" type="cond" truecount="1" falsecount="0"/>
      <line num="15" count="1" type="cond" truecount="1" falsecount="0"/>
      <line num="16" count="1" type="cond" truecount="1" falsecount="0"/>
      <line num="17" count="1" type="cond" truecount="1" falsecount="0"/>
      <line num="18" count="1" type="cond" truecount="1" falsecount="0"/>
      <line num="19" count="1" type="cond" truecount="1" falsecount="0"/>
    </file>
  </project>
</coverage>
