{"C:\\Users\\ThiagoMalveira\\Documents\\Projetos\\konekte\\src\\resources\\utils\\forNumber.ts": {"path":"C:\\Users\\ThiagoMalveira\\Documents\\Projetos\\konekte\\src\\resources\\utils\\forNumber.ts","all":false,"statementMap":{"0":{"start":{"line":1,"column":0},"end":{"line":1,"column":28}},"1":{"start":{"line":2,"column":0},"end":{"line":2,"column":0}},"2":{"start":{"line":3,"column":0},"end":{"line":3,"column":64}},"3":{"start":{"line":4,"column":0},"end":{"line":4,"column":58}},"4":{"start":{"line":5,"column":0},"end":{"line":5,"column":0}},"5":{"start":{"line":6,"column":0},"end":{"line":6,"column":63}},"6":{"start":{"line":7,"column":0},"end":{"line":7,"column":29}},"7":{"start":{"line":8,"column":0},"end":{"line":8,"column":4}},"8":{"start":{"line":9,"column":0},"end":{"line":9,"column":0}},"9":{"start":{"line":10,"column":0},"end":{"line":10,"column":22}},"10":{"start":{"line":11,"column":0},"end":{"line":11,"column":1}},"11":{"start":{"line":12,"column":0},"end":{"line":12,"column":0}},"12":{"start":{"line":13,"column":0},"end":{"line":13,"column":59}},"13":{"start":{"line":14,"column":0},"end":{"line":14,"column":15}},"14":{"start":{"line":15,"column":0},"end":{"line":15,"column":13}},"15":{"start":{"line":16,"column":0},"end":{"line":16,"column":3}},"16":{"start":{"line":17,"column":0},"end":{"line":17,"column":0}},"17":{"start":{"line":18,"column":0},"end":{"line":18,"column":24}},"18":{"start":{"line":19,"column":0},"end":{"line":19,"column":32}},"19":{"start":{"line":20,"column":0},"end":{"line":20,"column":49}},"20":{"start":{"line":21,"column":0},"end":{"line":21,"column":75}},"21":{"start":{"line":22,"column":0},"end":{"line":22,"column":46}},"22":{"start":{"line":23,"column":0},"end":{"line":23,"column":1}},"23":{"start":{"line":24,"column":0},"end":{"line":24,"column":0}},"24":{"start":{"line":25,"column":0},"end":{"line":25,"column":57}},"25":{"start":{"line":26,"column":0},"end":{"line":26,"column":38}},"26":{"start":{"line":27,"column":0},"end":{"line":27,"column":32}},"27":{"start":{"line":28,"column":0},"end":{"line":28,"column":44}},"28":{"start":{"line":29,"column":0},"end":{"line":29,"column":0}},"29":{"start":{"line":30,"column":0},"end":{"line":30,"column":29}},"30":{"start":{"line":31,"column":0},"end":{"line":31,"column":1}}},"s":{"0":1,"1":1,"2":1,"3":6,"4":6,"5":6,"6":6,"7":6,"8":6,"9":6,"10":6,"11":1,"12":1,"13":0,"14":0,"15":0,"16":0,"17":0,"18":0,"19":0,"20":0,"21":0,"22":0,"23":1,"24":1,"25":0,"26":0,"27":0,"28":0,"29":0,"30":0},"branchMap":{"0":{"type":"branch","line":3,"loc":{"start":{"line":3,"column":29},"end":{"line":11,"column":1}},"locations":[{"start":{"line":3,"column":29},"end":{"line":11,"column":1}}]}},"b":{"0":[6]},"fnMap":{"0":{"name":"formatToMoney","decl":{"start":{"line":3,"column":29},"end":{"line":11,"column":1}},"loc":{"start":{"line":3,"column":29},"end":{"line":11,"column":1}},"line":3},"1":{"name":"formatCurrency","decl":{"start":{"line":13,"column":30},"end":{"line":23,"column":1}},"loc":{"start":{"line":13,"column":30},"end":{"line":23,"column":1}},"line":13},"2":{"name":"formatPercent","decl":{"start":{"line":25,"column":29},"end":{"line":31,"column":1}},"loc":{"start":{"line":25,"column":29},"end":{"line":31,"column":1}},"line":25}},"f":{"0":6,"1":0,"2":0}}
,"C:\\Users\\ThiagoMalveira\\Documents\\Projetos\\konekte\\src\\resources\\utils\\forString.ts": {"path":"C:\\Users\\ThiagoMalveira\\Documents\\Projetos\\konekte\\src\\resources\\utils\\forString.ts","all":false,"statementMap":{"0":{"start":{"line":1,"column":0},"end":{"line":1,"column":48}},"1":{"start":{"line":2,"column":0},"end":{"line":2,"column":25}},"2":{"start":{"line":3,"column":0},"end":{"line":3,"column":0}},"3":{"start":{"line":4,"column":0},"end":{"line":4,"column":45}},"4":{"start":{"line":5,"column":0},"end":{"line":5,"column":0}},"5":{"start":{"line":6,"column":0},"end":{"line":6,"column":18}},"6":{"start":{"line":7,"column":0},"end":{"line":7,"column":1}},"7":{"start":{"line":8,"column":0},"end":{"line":8,"column":0}},"8":{"start":{"line":9,"column":0},"end":{"line":9,"column":80}},"9":{"start":{"line":10,"column":0},"end":{"line":10,"column":29}},"10":{"start":{"line":11,"column":0},"end":{"line":11,"column":0}},"11":{"start":{"line":12,"column":0},"end":{"line":12,"column":37}},"12":{"start":{"line":13,"column":0},"end":{"line":13,"column":73}},"13":{"start":{"line":14,"column":0},"end":{"line":14,"column":4}},"14":{"start":{"line":15,"column":0},"end":{"line":15,"column":0}},"15":{"start":{"line":16,"column":0},"end":{"line":16,"column":26}},"16":{"start":{"line":17,"column":0},"end":{"line":17,"column":1}},"17":{"start":{"line":18,"column":0},"end":{"line":18,"column":0}},"18":{"start":{"line":19,"column":0},"end":{"line":19,"column":58}},"19":{"start":{"line":20,"column":0},"end":{"line":20,"column":45}},"20":{"start":{"line":21,"column":0},"end":{"line":21,"column":1}},"21":{"start":{"line":22,"column":0},"end":{"line":22,"column":0}},"22":{"start":{"line":23,"column":0},"end":{"line":23,"column":51}},"23":{"start":{"line":24,"column":0},"end":{"line":24,"column":38}},"24":{"start":{"line":25,"column":0},"end":{"line":25,"column":0}},"25":{"start":{"line":26,"column":0},"end":{"line":26,"column":46}},"26":{"start":{"line":27,"column":0},"end":{"line":27,"column":1}}},"s":{"0":1,"1":2,"2":1,"3":1,"4":1,"5":1,"6":1,"7":1,"8":1,"9":0,"10":0,"11":0,"12":0,"13":0,"14":0,"15":0,"16":0,"17":1,"18":1,"19":0,"20":0,"21":1,"22":1,"23":0,"24":0,"25":0,"26":0},"branchMap":{"0":{"type":"branch","line":1,"loc":{"start":{"line":1,"column":28},"end":{"line":7,"column":1}},"locations":[{"start":{"line":1,"column":28},"end":{"line":7,"column":1}}]},"1":{"type":"branch","line":2,"loc":{"start":{"line":2,"column":14},"end":{"line":7,"column":1}},"locations":[{"start":{"line":2,"column":14},"end":{"line":7,"column":1}}]}},"b":{"0":[2],"1":[1]},"fnMap":{"0":{"name":"getFirstWord","decl":{"start":{"line":1,"column":28},"end":{"line":7,"column":1}},"loc":{"start":{"line":1,"column":28},"end":{"line":7,"column":1}},"line":1},"1":{"name":"translateUrlParam","decl":{"start":{"line":9,"column":33},"end":{"line":17,"column":1}},"loc":{"start":{"line":9,"column":33},"end":{"line":17,"column":1}},"line":9},"2":{"name":"hidePart","decl":{"start":{"line":19,"column":24},"end":{"line":21,"column":1}},"loc":{"start":{"line":19,"column":24},"end":{"line":21,"column":1}},"line":19},"3":{"name":"breakTextWithHyphen","decl":{"start":{"line":23,"column":35},"end":{"line":27,"column":1}},"loc":{"start":{"line":23,"column":35},"end":{"line":27,"column":1}},"line":23}},"f":{"0":2,"1":0,"2":0,"3":0}}
,"C:\\Users\\ThiagoMalveira\\Documents\\Projetos\\konekte\\src\\resources\\utils\\generateKey.ts": {"path":"C:\\Users\\ThiagoMalveira\\Documents\\Projetos\\konekte\\src\\resources\\utils\\generateKey.ts","all":false,"statementMap":{"0":{"start":{"line":1,"column":0},"end":{"line":1,"column":34}},"1":{"start":{"line":2,"column":0},"end":{"line":2,"column":38}},"2":{"start":{"line":3,"column":0},"end":{"line":3,"column":54}},"3":{"start":{"line":4,"column":0},"end":{"line":4,"column":20}},"4":{"start":{"line":5,"column":0},"end":{"line":5,"column":1}}},"s":{"0":1,"1":1,"2":1,"3":1,"4":1},"branchMap":{"0":{"type":"branch","line":1,"loc":{"start":{"line":1,"column":27},"end":{"line":5,"column":1}},"locations":[{"start":{"line":1,"column":27},"end":{"line":5,"column":1}}]}},"b":{"0":[1]},"fnMap":{"0":{"name":"generateKey","decl":{"start":{"line":1,"column":27},"end":{"line":5,"column":1}},"loc":{"start":{"line":1,"column":27},"end":{"line":5,"column":1}},"line":1}},"f":{"0":1}}
,"C:\\Users\\ThiagoMalveira\\Documents\\Projetos\\konekte\\src\\resources\\utils\\is.ts": {"path":"C:\\Users\\ThiagoMalveira\\Documents\\Projetos\\konekte\\src\\resources\\utils\\is.ts","all":false,"statementMap":{"0":{"start":{"line":1,"column":0},"end":{"line":1,"column":67}},"1":{"start":{"line":2,"column":0},"end":{"line":2,"column":0}},"2":{"start":{"line":3,"column":0},"end":{"line":3,"column":33}},"3":{"start":{"line":4,"column":0},"end":{"line":4,"column":59}},"4":{"start":{"line":5,"column":0},"end":{"line":5,"column":0}},"5":{"start":{"line":6,"column":0},"end":{"line":6,"column":56}},"6":{"start":{"line":7,"column":0},"end":{"line":7,"column":1}},"7":{"start":{"line":8,"column":0},"end":{"line":8,"column":0}},"8":{"start":{"line":9,"column":0},"end":{"line":9,"column":34}},"9":{"start":{"line":10,"column":0},"end":{"line":10,"column":0}},"10":{"start":{"line":11,"column":0},"end":{"line":11,"column":61}},"11":{"start":{"line":12,"column":0},"end":{"line":12,"column":63}},"12":{"start":{"line":13,"column":0},"end":{"line":13,"column":63}},"13":{"start":{"line":14,"column":0},"end":{"line":14,"column":61}},"14":{"start":{"line":15,"column":0},"end":{"line":15,"column":59}},"15":{"start":{"line":16,"column":0},"end":{"line":16,"column":63}},"16":{"start":{"line":17,"column":0},"end":{"line":17,"column":63}},"17":{"start":{"line":18,"column":0},"end":{"line":18,"column":65}},"18":{"start":{"line":19,"column":0},"end":{"line":19,"column":67}}},"s":{"0":1,"1":1,"2":1,"3":92,"4":92,"5":92,"6":92,"7":1,"8":1,"9":1,"10":1,"11":1,"12":1,"13":1,"14":1,"15":1,"16":1,"17":1,"18":1},"branchMap":{"0":{"type":"branch","line":3,"loc":{"start":{"line":3,"column":15},"end":{"line":7,"column":1}},"locations":[{"start":{"line":3,"column":15},"end":{"line":7,"column":1}}]},"1":{"type":"branch","line":6,"loc":{"start":{"line":6,"column":35},"end":{"line":6,"column":41}},"locations":[{"start":{"line":6,"column":35},"end":{"line":6,"column":41}}]},"2":{"type":"branch","line":11,"loc":{"start":{"line":11,"column":23},"end":{"line":11,"column":61}},"locations":[{"start":{"line":11,"column":23},"end":{"line":11,"column":61}}]},"3":{"type":"branch","line":12,"loc":{"start":{"line":12,"column":24},"end":{"line":12,"column":63}},"locations":[{"start":{"line":12,"column":24},"end":{"line":12,"column":63}}]},"4":{"type":"branch","line":13,"loc":{"start":{"line":13,"column":24},"end":{"line":13,"column":63}},"locations":[{"start":{"line":13,"column":24},"end":{"line":13,"column":63}}]},"5":{"type":"branch","line":14,"loc":{"start":{"line":14,"column":23},"end":{"line":14,"column":61}},"locations":[{"start":{"line":14,"column":23},"end":{"line":14,"column":61}}]},"6":{"type":"branch","line":15,"loc":{"start":{"line":15,"column":22},"end":{"line":15,"column":59}},"locations":[{"start":{"line":15,"column":22},"end":{"line":15,"column":59}}]},"7":{"type":"branch","line":16,"loc":{"start":{"line":16,"column":24},"end":{"line":16,"column":63}},"locations":[{"start":{"line":16,"column":24},"end":{"line":16,"column":63}}]},"8":{"type":"branch","line":17,"loc":{"start":{"line":17,"column":24},"end":{"line":17,"column":63}},"locations":[{"start":{"line":17,"column":24},"end":{"line":17,"column":63}}]},"9":{"type":"branch","line":18,"loc":{"start":{"line":18,"column":25},"end":{"line":18,"column":65}},"locations":[{"start":{"line":18,"column":25},"end":{"line":18,"column":65}}]},"10":{"type":"branch","line":19,"loc":{"start":{"line":19,"column":26},"end":{"line":19,"column":67}},"locations":[{"start":{"line":19,"column":26},"end":{"line":19,"column":67}}]}},"b":{"0":[92],"1":[0],"2":[13],"3":[10],"4":[10],"5":[7],"6":[10],"7":[9],"8":[10],"9":[9],"10":[14]},"fnMap":{"0":{"name":"typeOf","decl":{"start":{"line":3,"column":15},"end":{"line":7,"column":1}},"loc":{"start":{"line":3,"column":15},"end":{"line":7,"column":1}},"line":3},"1":{"name":"isArray","decl":{"start":{"line":11,"column":23},"end":{"line":11,"column":61}},"loc":{"start":{"line":11,"column":23},"end":{"line":11,"column":61}},"line":11},"2":{"name":"isRegexp","decl":{"start":{"line":12,"column":24},"end":{"line":12,"column":63}},"loc":{"start":{"line":12,"column":24},"end":{"line":12,"column":63}},"line":12},"3":{"name":"isObject","decl":{"start":{"line":13,"column":24},"end":{"line":13,"column":63}},"loc":{"start":{"line":13,"column":24},"end":{"line":13,"column":63}},"line":13},"4":{"name":"isError","decl":{"start":{"line":14,"column":23},"end":{"line":14,"column":61}},"loc":{"start":{"line":14,"column":23},"end":{"line":14,"column":61}},"line":14},"5":{"name":"isDate","decl":{"start":{"line":15,"column":22},"end":{"line":15,"column":59}},"loc":{"start":{"line":15,"column":22},"end":{"line":15,"column":59}},"line":15},"6":{"name":"isNumber","decl":{"start":{"line":16,"column":24},"end":{"line":16,"column":63}},"loc":{"start":{"line":16,"column":24},"end":{"line":16,"column":63}},"line":16},"7":{"name":"isString","decl":{"start":{"line":17,"column":24},"end":{"line":17,"column":63}},"loc":{"start":{"line":17,"column":24},"end":{"line":17,"column":63}},"line":17},"8":{"name":"isBoolean","decl":{"start":{"line":18,"column":25},"end":{"line":18,"column":65}},"loc":{"start":{"line":18,"column":25},"end":{"line":18,"column":65}},"line":18},"9":{"name":"isFunction","decl":{"start":{"line":19,"column":26},"end":{"line":19,"column":67}},"loc":{"start":{"line":19,"column":26},"end":{"line":19,"column":67}},"line":19}},"f":{"0":92,"1":13,"2":10,"3":10,"4":7,"5":10,"6":9,"7":10,"8":9,"9":14}}
}
