TN:
SF:src\resources\utils\forNumber.ts
FN:3,formatToMoney
FN:13,formatCurrency
FN:25,formatPercent
FNF:3
FNH:1
FNDA:6,formatToMoney
FNDA:0,formatCurrency
FNDA:0,formatPercent
DA:1,1
DA:2,1
DA:3,1
DA:4,6
DA:5,6
DA:6,6
DA:7,6
DA:8,6
DA:9,6
DA:10,6
DA:11,6
DA:12,1
DA:13,1
DA:14,0
DA:15,0
DA:16,0
DA:17,0
DA:18,0
DA:19,0
DA:20,0
DA:21,0
DA:22,0
DA:23,0
DA:24,1
DA:25,1
DA:26,0
DA:27,0
DA:28,0
DA:29,0
DA:30,0
DA:31,0
LF:31
LH:15
BRDA:3,0,0,6
BRF:1
BRH:1
end_of_record
TN:
SF:src\resources\utils\forString.ts
FN:1,getFirstWord
FN:9,translateUrlParam
FN:19,hidePart
FN:23,breakTextWithHyphen
FNF:4
FNH:1
FNDA:2,getFirstWord
FNDA:0,translateUrlParam
FNDA:0,hidePart
FNDA:0,breakTextWithHyphen
DA:1,1
DA:2,2
DA:3,1
DA:4,1
DA:5,1
DA:6,1
DA:7,1
DA:8,1
DA:9,1
DA:10,0
DA:11,0
DA:12,0
DA:13,0
DA:14,0
DA:15,0
DA:16,0
DA:17,0
DA:18,1
DA:19,1
DA:20,0
DA:21,0
DA:22,1
DA:23,1
DA:24,0
DA:25,0
DA:26,0
DA:27,0
LF:27
LH:13
BRDA:1,0,0,2
BRDA:2,1,0,1
BRF:2
BRH:2
end_of_record
TN:
SF:src\resources\utils\generateKey.ts
FN:1,generateKey
FNF:1
FNH:1
FNDA:1,generateKey
DA:1,1
DA:2,1
DA:3,1
DA:4,1
DA:5,1
LF:5
LH:5
BRDA:1,0,0,1
BRF:1
BRH:1
end_of_record
TN:
SF:src\resources\utils\is.ts
FN:3,typeOf
FN:11,isArray
FN:12,isRegexp
FN:13,isObject
FN:14,isError
FN:15,isDate
FN:16,isNumber
FN:17,isString
FN:18,isBoolean
FN:19,isFunction
FNF:10
FNH:10
FNDA:92,typeOf
FNDA:13,isArray
FNDA:10,isRegexp
FNDA:10,isObject
FNDA:7,isError
FNDA:10,isDate
FNDA:9,isNumber
FNDA:10,isString
FNDA:9,isBoolean
FNDA:14,isFunction
DA:1,1
DA:2,1
DA:3,1
DA:4,92
DA:5,92
DA:6,92
DA:7,92
DA:8,1
DA:9,1
DA:10,1
DA:11,1
DA:12,1
DA:13,1
DA:14,1
DA:15,1
DA:16,1
DA:17,1
DA:18,1
DA:19,1
LF:19
LH:19
BRDA:3,0,0,92
BRDA:6,1,0,0
BRDA:11,2,0,13
BRDA:12,3,0,10
BRDA:13,4,0,10
BRDA:14,5,0,7
BRDA:15,6,0,10
BRDA:16,7,0,9
BRDA:17,8,0,10
BRDA:18,9,0,9
BRDA:19,10,0,14
BRF:11
BRH:10
end_of_record
